<?xml version="1.0" encoding="UTF-8"?>
<!-- Generated by org.testng.reporters.JUnitReportReporter -->
<testsuite skipped="0" hostname="LAPTOP-PP7LTPN0" name="kdf.Application" tests="1" failures="0" timestamp="16 Aug 2019 15:32:29 GMT" time="72.113" errors="0">
  <testcase name="verifyInvalidLoginTest" time="72.113" classname="kdf.Application"/>
</testsuite> <!-- kdf.Application -->
